app/build/intermediates/manifest_merge_blame_file/debug/manifest-merger-blame-debug-report.txt
1<?xml version="1.0" encoding="utf-8"?>
2<manifest xmlns:android="http://schemas.android.com/apk/res/android"
3    package="com.example.minimoneybox"
4    android:versionCode="1"
5    android:versionName="1.0" >
6
7    <uses-sdk
8        android:minSdkVersion="21"
8-->src\main\AndroidManifest.xml
9        android:targetSdkVersion="30" />
9-->src\main\AndroidManifest.xml
10
11    <application
11-->src\main\AndroidManifest.xml:5:5-13:19
12        android:allowBackup="true"
12-->src\main\AndroidManifest.xml:6:13-39
13        android:appComponentFactory="androidx.core.app.CoreComponentFactory"
13-->[androidx.core:core:1.6.0] AndroidManifest.xml:24:18-86
14        android:debuggable="true"
15        android:icon="@mipmap/ic_launcher"
15-->src\main\AndroidManifest.xml:7:13-47
16        android:label="@string/app_name"
16-->src\main\AndroidManifest.xml:8:13-45
17        android:roundIcon="@mipmap/ic_launcher"
17-->src\main\AndroidManifest.xml:9:13-52
18        android:supportsRtl="true"
18-->src\main\AndroidManifest.xml:10:13-39
19        android:theme="@style/AppTheme" >
19-->src\main\AndroidManifest.xml:11:13-44
20        <activity
20-->[:ui] AndroidManifest.xml:12:9-20:20
21            android:name="xyz.zohre.ui.MainActivity"
21-->[:ui] AndroidManifest.xml:13:13-53
22            android:exported="true" >
22-->[:ui] AndroidManifest.xml:14:13-36
23            <intent-filter>
23-->[:ui] AndroidManifest.xml:15:13-19:29
24                <action android:name="android.intent.action.MAIN" />
24-->[:ui] AndroidManifest.xml:16:17-69
24-->[:ui] AndroidManifest.xml:16:25-66
25
26                <category android:name="android.intent.category.LAUNCHER" />
26-->[:ui] AndroidManifest.xml:18:17-77
26-->[:ui] AndroidManifest.xml:18:27-74
27            </intent-filter>
28        </activity>
29        <activity
29-->[com.google.android.gms:play-services-base:17.5.0] AndroidManifest.xml:23:9-26:75
30            android:name="com.google.android.gms.common.api.GoogleApiActivity"
30-->[com.google.android.gms:play-services-base:17.5.0] AndroidManifest.xml:24:13-79
31            android:exported="false"
31-->[com.google.android.gms:play-services-base:17.5.0] AndroidManifest.xml:25:13-37
32            android:theme="@android:style/Theme.Translucent.NoTitleBar" />
32-->[com.google.android.gms:play-services-base:17.5.0] AndroidManifest.xml:26:13-72
33
34        <meta-data
34-->[com.google.android.gms:play-services-basement:17.5.0] AndroidManifest.xml:23:9-25:69
35            android:name="com.google.android.gms.version"
35-->[com.google.android.gms:play-services-basement:17.5.0] AndroidManifest.xml:24:13-58
36            android:value="@integer/google_play_services_version" />
36-->[com.google.android.gms:play-services-basement:17.5.0] AndroidManifest.xml:25:13-66
37
38        <provider
38-->[androidx.lifecycle:lifecycle-process:2.2.0] AndroidManifest.xml:25:9-29:43
39            android:name="androidx.lifecycle.ProcessLifecycleOwnerInitializer"
39-->[androidx.lifecycle:lifecycle-process:2.2.0] AndroidManifest.xml:26:13-79
40            android:authorities="com.example.minimoneybox.lifecycle-process"
40-->[androidx.lifecycle:lifecycle-process:2.2.0] AndroidManifest.xml:27:13-69
41            android:exported="false"
41-->[androidx.lifecycle:lifecycle-process:2.2.0] AndroidManifest.xml:28:13-37
42            android:multiprocess="true" />
42-->[androidx.lifecycle:lifecycle-process:2.2.0] AndroidManifest.xml:29:13-40
43    </application>
44
45</manifest>